<?xml version="1.0" encoding="UTF-8"?>
<!-- Generated by org.testng.reporters.JUnitXMLReporter -->
<testsuite ignored="0" hostname="LAPTOP-FV1112LB" failures="1" tests="5" name="Test" time="0.05" errors="0" timestamp="2022-08-09T15:52:04 IST">
  <testcase classname="package1.Demo1" name="modifyContact" time="0.008">
    <skipped/>
  </testcase> <!-- modifyContact -->
  <testcase classname="package1.Demo1" name="modifyContact" time="0.001">
    <skipped/>
  </testcase> <!-- modifyContact -->
  <testcase classname="package1.Demo1" name="modifyContact" time="0.001">
    <skipped/>
  </testcase> <!-- modifyContact -->
  <testcase classname="package1.Demo1" name="modifyContact" time="0.0">
    <skipped/>
  </testcase> <!-- modifyContact -->
  <testcase classname="package1.Demo1" name="modifyContact" time="0.001">
    <failure type="java.lang.AssertionError" message="expected [true] but found [false]">
      <![CDATA[java.lang.AssertionError: expected [true] but found [false]
at package1.Demo1.modifyContact(Demo1.java:11)
at java.base/java.util.ArrayList.forEach(ArrayList.java:1511)
... Removed 33 stack frames]]>
    </failure>
  </testcase> <!-- modifyContact -->
</testsuite> <!-- Test -->
